[logs_null INFO ] 2021-10-11 13:42:20.013 BaseTest:193 - log path: logs\_null
[logs_null INFO ] 2021-10-11 13:42:20.326 BaseTest:200 - load config.properties
[logs_null INFO ] 2021-10-11 13:42:20.330 BaseTest:205 - load strings/strings.xml
[logs_null INFO ] 2021-10-11 13:42:53.337 BaseTest:228 - driver initialized: io.appium.java_client.android.AndroidDriver, Capabilities: {appActivity=.activity.SplashScreenActivity, appPackage=com.avercast.fanbuku_app, automationName=UiAutomator2, databaseEnabled=false, desired={platformName=android, appActivity=.activity.SplashScreenActivity, appPackage=com.avercast.fanbuku_app, automationName=UiAutomator2, deviceName=Redmi Note 10S, udid=WOBUKBZL4D6T9PSO}, deviceApiLevel=30, deviceManufacturer=Xiaomi, deviceModel=M2101K7BI, deviceName=WOBUKBZL4D6T9PSO, deviceScreenDensity=440, deviceScreenSize=1080x2400, deviceUDID=WOBUKBZL4D6T9PSO, javascriptEnabled=true, locationContextEnabled=false, networkConnectionEnabled=true, pixelRatio=2.75, platform=LINUX, platformName=Android, platformVersion=11, statBarHeight=93, takesScreenshot=true, udid=WOBUKBZL4D6T9PSO, viewportRect={left=0, top=93, width=1080, height=2170}, warnings={}, webStorageEnabled=false}
[logs_null INFO ] 2021-10-11 13:42:55.986 CreateBracketTests:51 - 
****** starting test:validData******

[logs_null INFO ] 2021-10-11 13:43:03.162 BaseTest:295 - Email is ankita.kanchan@pi-sy.com
[logs_null INFO ] 2021-10-11 13:43:04.955 BaseTest:295 - Password is Ankita@1234
[logs_null INFO ] 2021-10-11 13:43:06.139 BaseTest:274 - Clicking on Login Button
[logs_null INFO ] 2021-10-11 13:43:08.020 BaseTest:274 - Clicking on Skip Button
[logs_null INFO ] 2021-10-11 13:43:09.231 BaseTest:274 - Clicking on Bracket Home Button 
[logs_null INFO ] 2021-10-11 13:43:10.165 BaseTest:274 - Clicking on Next Button
[logs_null INFO ] 2021-10-11 13:43:11.405 BaseTest:274 - Clicking on Add Bracket Button 
[logs_null INFO ] 2021-10-11 13:43:12.656 BaseTest:302 - Clicking on Tounament List
[logs_null INFO ] 2021-10-11 13:43:20.617 BaseTest:122 - video path: videos\null_null\2021-10-11-13-42-19\CreateBracketTests\validData.mp4
[logs_null INFO ] 2021-10-11 13:43:23.486 BaseTest:151 - Appium server stopped
[logs_null INFO ] 2021-10-11 13:50:15.090 BaseTest:193 - log path: logs\_null
[logs_null INFO ] 2021-10-11 13:50:15.110 BaseTest:200 - load config.properties
[logs_null INFO ] 2021-10-11 13:50:15.111 BaseTest:205 - load strings/strings.xml
[logs_null INFO ] 2021-10-11 13:50:24.075 BaseTest:228 - driver initialized: io.appium.java_client.android.AndroidDriver, Capabilities: {appActivity=.activity.SplashScreenActivity, appPackage=com.avercast.fanbuku_app, automationName=UiAutomator2, databaseEnabled=false, desired={platformName=android, appActivity=.activity.SplashScreenActivity, appPackage=com.avercast.fanbuku_app, automationName=UiAutomator2, deviceName=Redmi Note 10S, udid=WOBUKBZL4D6T9PSO}, deviceApiLevel=30, deviceManufacturer=Xiaomi, deviceModel=M2101K7BI, deviceName=WOBUKBZL4D6T9PSO, deviceScreenDensity=440, deviceScreenSize=1080x2400, deviceUDID=WOBUKBZL4D6T9PSO, javascriptEnabled=true, locationContextEnabled=false, networkConnectionEnabled=true, pixelRatio=2.75, platform=LINUX, platformName=Android, platformVersion=11, statBarHeight=93, takesScreenshot=true, udid=WOBUKBZL4D6T9PSO, viewportRect={left=0, top=93, width=1080, height=2170}, warnings={}, webStorageEnabled=false}
[logs_null INFO ] 2021-10-11 13:50:26.330 CreateBracketTests:51 - 
****** starting test:validData******

[logs_null INFO ] 2021-10-11 13:50:32.899 BaseTest:295 - Email is ankita.kanchan@pi-sy.com
[logs_null INFO ] 2021-10-11 13:50:34.673 BaseTest:295 - Password is Ankita@1234
[logs_null INFO ] 2021-10-11 13:50:35.814 BaseTest:274 - Clicking on Login Button
[logs_null INFO ] 2021-10-11 13:50:37.431 BaseTest:274 - Clicking on Skip Button
[logs_null INFO ] 2021-10-11 13:50:38.653 BaseTest:274 - Clicking on Bracket Home Button 
[logs_null INFO ] 2021-10-11 13:50:39.542 BaseTest:274 - Clicking on Next Button
[logs_null INFO ] 2021-10-11 13:50:40.807 BaseTest:274 - Clicking on Add Bracket Button 
[logs_null INFO ] 2021-10-11 13:50:42.055 BaseTest:302 - Clicking on Tounament List
[logs_null INFO ] 2021-10-11 13:50:47.345 BaseTest:122 - video path: videos\null_null\2021-10-11-13-50-14\CreateBracketTests\validData.mp4
[logs_null INFO ] 2021-10-11 13:50:47.790 BaseTest:151 - Appium server stopped
[logs_null INFO ] 2021-10-11 15:47:07.197 BaseTest:193 - log path: logs\_null
[logs_null INFO ] 2021-10-11 15:47:07.218 BaseTest:200 - load config.properties
[logs_null INFO ] 2021-10-11 15:47:07.219 BaseTest:205 - load strings/strings.xml
[logs_null INFO ] 2021-10-11 15:47:17.332 BaseTest:228 - driver initialized: io.appium.java_client.android.AndroidDriver, Capabilities: {appActivity=.activity.SplashScreenActivity, appPackage=com.avercast.fanbuku_app, automationName=UiAutomator2, databaseEnabled=false, desired={platformName=android, appActivity=.activity.SplashScreenActivity, appPackage=com.avercast.fanbuku_app, automationName=UiAutomator2, deviceName=Redmi Note 10S, udid=WOBUKBZL4D6T9PSO}, deviceApiLevel=30, deviceManufacturer=Xiaomi, deviceModel=M2101K7BI, deviceName=WOBUKBZL4D6T9PSO, deviceScreenDensity=440, deviceScreenSize=1080x2400, deviceUDID=WOBUKBZL4D6T9PSO, javascriptEnabled=true, locationContextEnabled=false, networkConnectionEnabled=true, pixelRatio=2.75, platform=LINUX, platformName=Android, platformVersion=11, statBarHeight=93, takesScreenshot=true, udid=WOBUKBZL4D6T9PSO, viewportRect={left=0, top=93, width=1080, height=2170}, warnings={}, webStorageEnabled=false}
[logs_null INFO ] 2021-10-11 15:47:19.782 CreateBracketTests:51 - 
****** starting test:validData******

[logs_null INFO ] 2021-10-11 15:47:26.543 BaseTest:295 - Email is ankita.kanchan@pi-sy.com
[logs_null INFO ] 2021-10-11 15:47:28.335 BaseTest:295 - Password is Ankita@1234
[logs_null INFO ] 2021-10-11 15:47:28.977 BaseTest:274 - Clicking on Login Button
[logs_null INFO ] 2021-10-11 15:47:30.491 BaseTest:274 - Clicking on Skip Button
[logs_null INFO ] 2021-10-11 15:47:31.712 BaseTest:274 - Clicking on Bracket Home Button 
[logs_null INFO ] 2021-10-11 15:47:32.667 BaseTest:274 - Clicking on Next Button
[logs_null INFO ] 2021-10-11 15:47:34.007 BaseTest:274 - Clicking on Add Bracket Button 
[logs_null INFO ] 2021-10-11 15:47:35.241 BaseTest:302 - Clicking on Tounament List
[logs_null INFO ] 2021-10-11 15:47:39.834 BaseTest:122 - video path: videos\null_null\2021-10-11-15-47-06\CreateBracketTests\validData.mp4
[logs_null INFO ] 2021-10-11 15:47:40.419 BaseTest:151 - Appium server stopped
[logs_null INFO ] 2021-10-11 16:00:16.659 BaseTest:193 - log path: logs\_null
[logs_null INFO ] 2021-10-11 16:00:16.680 BaseTest:200 - load config.properties
[logs_null INFO ] 2021-10-11 16:00:16.680 BaseTest:205 - load strings/strings.xml
[logs_null INFO ] 2021-10-11 16:00:26.309 BaseTest:228 - driver initialized: io.appium.java_client.android.AndroidDriver, Capabilities: {appActivity=.activity.SplashScreenActivity, appPackage=com.avercast.fanbuku_app, automationName=UiAutomator2, databaseEnabled=false, desired={platformName=android, appActivity=.activity.SplashScreenActivity, appPackage=com.avercast.fanbuku_app, automationName=UiAutomator2, deviceName=Redmi Note 10S, udid=WOBUKBZL4D6T9PSO}, deviceApiLevel=30, deviceManufacturer=Xiaomi, deviceModel=M2101K7BI, deviceName=WOBUKBZL4D6T9PSO, deviceScreenDensity=440, deviceScreenSize=1080x2400, deviceUDID=WOBUKBZL4D6T9PSO, javascriptEnabled=true, locationContextEnabled=false, networkConnectionEnabled=true, pixelRatio=2.75, platform=LINUX, platformName=Android, platformVersion=11, statBarHeight=93, takesScreenshot=true, udid=WOBUKBZL4D6T9PSO, viewportRect={left=0, top=93, width=1080, height=2170}, warnings={}, webStorageEnabled=false}
[logs_null INFO ] 2021-10-11 16:00:28.577 CreateBracketTests:51 - 
****** starting test:validData******

[logs_null INFO ] 2021-10-11 16:00:35.213 BaseTest:295 - Email is ankita.kanchan@pi-sy.com
[logs_null INFO ] 2021-10-11 16:00:36.980 BaseTest:295 - Password is Ankita@1234
[logs_null INFO ] 2021-10-11 16:00:38.549 BaseTest:274 - Clicking on Login Button
[logs_null INFO ] 2021-10-11 16:00:40.097 BaseTest:274 - Clicking on Skip Button
[logs_null INFO ] 2021-10-11 16:00:41.318 BaseTest:274 - Clicking on Bracket Home Button 
[logs_null INFO ] 2021-10-11 16:00:42.197 BaseTest:274 - Clicking on Next Button
[logs_null INFO ] 2021-10-11 16:00:43.525 BaseTest:274 - Clicking on Add Bracket Button 
[logs_null INFO ] 2021-10-11 16:00:44.738 BaseTest:302 - Clicking on Tounament List
[logs_null INFO ] 2021-10-11 16:00:51.982 BaseTest:122 - video path: videos\null_null\2021-10-11-16-00-16\CreateBracketTests\validData.mp4
[logs_null INFO ] 2021-10-11 16:00:52.364 BaseTest:151 - Appium server stopped
[logs_null INFO ] 2021-10-11 17:31:34.313 BaseTest:193 - log path: logs\_null
[logs_null INFO ] 2021-10-11 17:31:34.402 BaseTest:200 - load config.properties
[logs_null INFO ] 2021-10-11 17:31:34.406 BaseTest:205 - load strings/strings.xml
[logs_null INFO ] 2021-10-11 17:31:47.478 BaseTest:228 - driver initialized: io.appium.java_client.android.AndroidDriver, Capabilities: {appActivity=.activity.SplashScreenActivity, appPackage=com.avercast.fanbuku_app, automationName=UiAutomator2, databaseEnabled=false, desired={platformName=android, appActivity=.activity.SplashScreenActivity, appPackage=com.avercast.fanbuku_app, automationName=UiAutomator2, deviceName=Redmi Note 10S, udid=WOBUKBZL4D6T9PSO}, deviceApiLevel=30, deviceManufacturer=Xiaomi, deviceModel=M2101K7BI, deviceName=WOBUKBZL4D6T9PSO, deviceScreenDensity=440, deviceScreenSize=1080x2400, deviceUDID=WOBUKBZL4D6T9PSO, javascriptEnabled=true, locationContextEnabled=false, networkConnectionEnabled=true, pixelRatio=2.75, platform=LINUX, platformName=Android, platformVersion=11, statBarHeight=93, takesScreenshot=true, udid=WOBUKBZL4D6T9PSO, viewportRect={left=0, top=93, width=1080, height=2170}, warnings={}, webStorageEnabled=false}
[logs_null INFO ] 2021-10-11 17:31:50.049 CreateBracketTests:51 - 
****** starting test:validData******

[logs_null INFO ] 2021-10-11 17:31:57.221 BaseTest:295 - Email is ankita.kanchan@pi-sy.com
[logs_null INFO ] 2021-10-11 17:31:59.043 BaseTest:295 - Password is Ankita@1234
[logs_null INFO ] 2021-10-11 17:32:00.239 BaseTest:274 - Clicking on Login Button
[logs_null INFO ] 2021-10-11 17:32:02.382 BaseTest:274 - Clicking on Skip Button
[logs_null INFO ] 2021-10-11 17:32:03.613 BaseTest:274 - Clicking on Bracket Home Button 
[logs_null INFO ] 2021-10-11 17:32:04.524 BaseTest:274 - Clicking on Next Button
[logs_null INFO ] 2021-10-11 17:32:06.106 BaseTest:274 - Clicking on Add Bracket Button 
[logs_null INFO ] 2021-10-11 17:32:07.383 BaseTest:302 - Clicking on Tounament List
[logs_null INFO ] 2021-10-11 17:32:10.907 BaseTest:295 - Bracket Name is AnkitaBracket
[logs_null INFO ] 2021-10-11 17:32:11.621 BaseTest:274 - Clicking on Create Bracket Button 
[logs_null INFO ] 2021-10-11 17:32:19.521 BaseTest:122 - video path: videos\null_null\2021-10-11-17-31-33\CreateBracketTests\validData.mp4
[logs_null INFO ] 2021-10-11 17:32:22.102 BaseTest:151 - Appium server stopped
[logs_null INFO ] 2021-10-11 17:36:49.887 BaseTest:193 - log path: logs\_null
[logs_null INFO ] 2021-10-11 17:36:49.908 BaseTest:200 - load config.properties
[logs_null INFO ] 2021-10-11 17:36:49.909 BaseTest:205 - load strings/strings.xml
[logs_null INFO ] 2021-10-11 17:36:58.761 BaseTest:228 - driver initialized: io.appium.java_client.android.AndroidDriver, Capabilities: {appActivity=.activity.SplashScreenActivity, appPackage=com.avercast.fanbuku_app, automationName=UiAutomator2, databaseEnabled=false, desired={platformName=android, appActivity=.activity.SplashScreenActivity, appPackage=com.avercast.fanbuku_app, automationName=UiAutomator2, deviceName=Redmi Note 10S, udid=WOBUKBZL4D6T9PSO}, deviceApiLevel=30, deviceManufacturer=Xiaomi, deviceModel=M2101K7BI, deviceName=WOBUKBZL4D6T9PSO, deviceScreenDensity=440, deviceScreenSize=1080x2400, deviceUDID=WOBUKBZL4D6T9PSO, javascriptEnabled=true, locationContextEnabled=false, networkConnectionEnabled=true, pixelRatio=2.75, platform=LINUX, platformName=Android, platformVersion=11, statBarHeight=93, takesScreenshot=true, udid=WOBUKBZL4D6T9PSO, viewportRect={left=0, top=93, width=1080, height=2170}, warnings={}, webStorageEnabled=false}
[logs_null INFO ] 2021-10-11 17:37:01.102 CreateBracketTests:51 - 
****** starting test:alreadyExistingBracket******

[logs_null INFO ] 2021-10-11 17:37:07.729 BaseTest:295 - Email is ankita.kanchan@pi-sy.com
[logs_null INFO ] 2021-10-11 17:37:09.489 BaseTest:295 - Password is Ankita@1234
[logs_null INFO ] 2021-10-11 17:37:10.639 BaseTest:274 - Clicking on Login Button
[logs_null INFO ] 2021-10-11 17:37:12.178 BaseTest:274 - Clicking on Skip Button
[logs_null INFO ] 2021-10-11 17:37:13.411 BaseTest:274 - Clicking on Bracket Home Button 
[logs_null INFO ] 2021-10-11 17:37:14.456 BaseTest:274 - Clicking on Next Button
[logs_null INFO ] 2021-10-11 17:37:15.972 BaseTest:274 - Clicking on Add Bracket Button 
[logs_null INFO ] 2021-10-11 17:37:17.235 BaseTest:302 - Clicking on Tounament List
[logs_null INFO ] 2021-10-11 17:37:20.725 BaseTest:295 - Bracket Name is TestABracket
[logs_null INFO ] 2021-10-11 17:37:21.523 BaseTest:274 - Clicking on Create Bracket Button 
[logs_null INFO ] 2021-10-11 17:37:29.424 BaseTest:122 - video path: videos\null_null\2021-10-11-17-36-49\CreateBracketTests\alreadyExistingBracket.mp4
[logs_null INFO ] 2021-10-11 17:37:30.265 CreateBracketTests:51 - 
****** starting test:blankData******

[logs_null INFO ] 2021-10-11 17:37:38.055 BaseTest:295 - Email is ankita.kanchan@pi-sy.com
[logs_null INFO ] 2021-10-11 17:37:39.834 BaseTest:295 - Password is Ankita@1234
[logs_null INFO ] 2021-10-11 17:37:40.961 BaseTest:274 - Clicking on Login Button
[logs_null INFO ] 2021-10-11 17:37:42.344 BaseTest:274 - Clicking on Skip Button
[logs_null INFO ] 2021-10-11 17:37:43.575 BaseTest:274 - Clicking on Bracket Home Button 
[logs_null INFO ] 2021-10-11 17:37:44.624 BaseTest:274 - Clicking on Next Button
[logs_null INFO ] 2021-10-11 17:37:45.914 BaseTest:274 - Clicking on Add Bracket Button 
[logs_null INFO ] 2021-10-11 17:37:47.155 BaseTest:302 - Clicking on Tounament List
[logs_null INFO ] 2021-10-11 17:37:50.617 BaseTest:295 - Bracket Name is 
[logs_null INFO ] 2021-10-11 17:37:51.280 BaseTest:274 - Clicking on Create Bracket Button 
[logs_null INFO ] 2021-10-11 17:37:57.677 BaseTest:122 - video path: videos\null_null\2021-10-11-17-36-49\CreateBracketTests\blankData.mp4
[logs_null INFO ] 2021-10-11 17:37:58.688 CreateBracketTests:51 - 
****** starting test:invalidData******

[logs_null INFO ] 2021-10-11 17:38:05.308 BaseTest:295 - Email is ankita.kanchan@pi-sy.com
[logs_null INFO ] 2021-10-11 17:38:07.146 BaseTest:295 - Password is Ankita@1234
[logs_null INFO ] 2021-10-11 17:38:08.280 BaseTest:274 - Clicking on Login Button
[logs_null INFO ] 2021-10-11 17:38:09.664 BaseTest:274 - Clicking on Skip Button
[logs_null INFO ] 2021-10-11 17:38:10.891 BaseTest:274 - Clicking on Bracket Home Button 
[logs_null INFO ] 2021-10-11 17:38:11.827 BaseTest:274 - Clicking on Next Button
[logs_null INFO ] 2021-10-11 17:38:13.180 BaseTest:274 - Clicking on Add Bracket Button 
[logs_null INFO ] 2021-10-11 17:38:14.414 BaseTest:302 - Clicking on Tounament List
[logs_null INFO ] 2021-10-11 17:38:17.821 BaseTest:295 - Bracket Name is #$%dsfG%^&
[logs_null INFO ] 2021-10-11 17:38:18.504 BaseTest:274 - Clicking on Create Bracket Button 
[logs_null INFO ] 2021-10-11 17:38:25.666 BaseTest:122 - video path: videos\null_null\2021-10-11-17-36-49\CreateBracketTests\invalidData.mp4
[logs_null INFO ] 2021-10-11 17:38:26.456 CreateBracketTests:51 - 
****** starting test:validData******

[logs_null INFO ] 2021-10-11 17:38:33.013 BaseTest:295 - Email is ankita.kanchan@pi-sy.com
[logs_null INFO ] 2021-10-11 17:38:34.833 BaseTest:295 - Password is Ankita@1234
[logs_null INFO ] 2021-10-11 17:38:35.975 BaseTest:274 - Clicking on Login Button
[logs_null INFO ] 2021-10-11 17:38:37.390 BaseTest:274 - Clicking on Skip Button
[logs_null INFO ] 2021-10-11 17:38:38.598 BaseTest:274 - Clicking on Bracket Home Button 
[logs_null INFO ] 2021-10-11 17:38:39.933 BaseTest:274 - Clicking on Next Button
[logs_null INFO ] 2021-10-11 17:38:41.283 BaseTest:274 - Clicking on Add Bracket Button 
[logs_null INFO ] 2021-10-11 17:40:40.964 BaseTest:193 - log path: logs\_null
[logs_null INFO ] 2021-10-11 17:40:40.975 BaseTest:200 - load config.properties
[logs_null INFO ] 2021-10-11 17:40:40.975 BaseTest:205 - load strings/strings.xml
[logs_null INFO ] 2021-10-11 17:40:50.072 BaseTest:228 - driver initialized: io.appium.java_client.android.AndroidDriver, Capabilities: {appActivity=.activity.SplashScreenActivity, appPackage=com.avercast.fanbuku_app, automationName=UiAutomator2, databaseEnabled=false, desired={platformName=android, appActivity=.activity.SplashScreenActivity, appPackage=com.avercast.fanbuku_app, automationName=UiAutomator2, deviceName=Redmi Note 10S, udid=WOBUKBZL4D6T9PSO}, deviceApiLevel=30, deviceManufacturer=Xiaomi, deviceModel=M2101K7BI, deviceName=WOBUKBZL4D6T9PSO, deviceScreenDensity=440, deviceScreenSize=1080x2400, deviceUDID=WOBUKBZL4D6T9PSO, javascriptEnabled=true, locationContextEnabled=false, networkConnectionEnabled=true, pixelRatio=2.75, platform=LINUX, platformName=Android, platformVersion=11, statBarHeight=93, takesScreenshot=true, udid=WOBUKBZL4D6T9PSO, viewportRect={left=0, top=93, width=1080, height=2170}, warnings={}, webStorageEnabled=false}
[logs_null INFO ] 2021-10-11 17:40:52.601 CreateBracketTests:51 - 
****** starting test:alreadyExistingBracket******

[logs_null INFO ] 2021-10-11 17:40:54.188 Log:10 - alreadyExistingBracket test is starting.
[logs_null INFO ] 2021-10-11 17:40:59.282 BaseTest:295 - Email is ankita.kanchan@pi-sy.com
[logs_null INFO ] 2021-10-11 17:41:01.156 BaseTest:295 - Password is Ankita@1234
[logs_null INFO ] 2021-10-11 17:41:02.556 BaseTest:274 - Clicking on Login Button
[logs_null INFO ] 2021-10-11 17:41:04.642 BaseTest:274 - Clicking on Skip Button
[logs_null INFO ] 2021-10-11 17:41:05.900 BaseTest:274 - Clicking on Bracket Home Button 
[logs_null INFO ] 2021-10-11 17:41:06.793 BaseTest:274 - Clicking on Next Button
[logs_null INFO ] 2021-10-11 17:41:08.241 BaseTest:274 - Clicking on Add Bracket Button 
[logs_null INFO ] 2021-10-11 17:41:09.531 BaseTest:302 - Clicking on Tounament List
[logs_null INFO ] 2021-10-11 17:41:13.017 BaseTest:295 - Bracket Name is TestABracket
[logs_null INFO ] 2021-10-11 17:41:13.708 BaseTest:274 - Clicking on Create Bracket Button 
[logs_null INFO ] 2021-10-11 17:41:16.114 Log:10 - alreadyExistingBracket test is failed.
[logs_null INFO ] 2021-10-11 17:41:21.232 BaseTest:122 - video path: videos\null_null\2021-10-11-17-40-40\CreateBracketTests\alreadyExistingBracket.mp4
[logs_null INFO ] 2021-10-11 17:41:22.077 CreateBracketTests:51 - 
****** starting test:blankData******

[logs_null INFO ] 2021-10-11 17:41:23.573 Log:10 - blankData test is starting.
[logs_null INFO ] 2021-10-11 17:41:28.647 BaseTest:295 - Email is ankita.kanchan@pi-sy.com
[logs_null INFO ] 2021-10-11 17:41:30.488 BaseTest:295 - Password is Ankita@1234
[logs_null INFO ] 2021-10-11 17:41:31.626 BaseTest:274 - Clicking on Login Button
[logs_null INFO ] 2021-10-11 17:41:33.081 BaseTest:274 - Clicking on Skip Button
[logs_null INFO ] 2021-10-11 17:41:34.286 BaseTest:274 - Clicking on Bracket Home Button 
[logs_null INFO ] 2021-10-11 17:41:35.214 BaseTest:274 - Clicking on Next Button
[logs_null INFO ] 2021-10-11 17:41:36.478 BaseTest:274 - Clicking on Add Bracket Button 
[logs_null INFO ] 2021-10-11 17:41:37.740 BaseTest:302 - Clicking on Tounament List
[logs_null INFO ] 2021-10-11 17:41:41.176 BaseTest:295 - Bracket Name is 
[logs_null INFO ] 2021-10-11 17:41:41.837 BaseTest:274 - Clicking on Create Bracket Button 
[logs_null INFO ] 2021-10-11 17:41:44.099 Log:10 - blankData test is succeed.
[logs_null INFO ] 2021-10-11 17:41:47.894 BaseTest:122 - video path: videos\null_null\2021-10-11-17-40-40\CreateBracketTests\blankData.mp4
[logs_null INFO ] 2021-10-11 17:41:48.839 CreateBracketTests:51 - 
****** starting test:invalidData******

[logs_null INFO ] 2021-10-11 17:41:50.277 Log:10 - invalidData test is starting.
[logs_null INFO ] 2021-10-11 17:41:55.398 BaseTest:295 - Email is ankita.kanchan@pi-sy.com
[logs_null INFO ] 2021-10-11 17:41:57.220 BaseTest:295 - Password is Ankita@1234
[logs_null INFO ] 2021-10-11 17:41:58.871 BaseTest:274 - Clicking on Login Button
[logs_null INFO ] 2021-10-11 17:42:00.387 BaseTest:274 - Clicking on Skip Button
[logs_null INFO ] 2021-10-11 17:42:02.056 BaseTest:274 - Clicking on Bracket Home Button 
[logs_null INFO ] 2021-10-11 17:42:02.913 BaseTest:274 - Clicking on Next Button
[logs_null INFO ] 2021-10-11 17:42:04.398 BaseTest:274 - Clicking on Add Bracket Button 
[logs_null INFO ] 2021-10-11 17:42:05.649 BaseTest:302 - Clicking on Tounament List
[logs_null INFO ] 2021-10-11 17:42:09.083 BaseTest:295 - Bracket Name is #$%dsfG%^&
[logs_null INFO ] 2021-10-11 17:42:09.767 BaseTest:274 - Clicking on Create Bracket Button 
[logs_null INFO ] 2021-10-11 17:42:11.997 Log:10 - invalidData test is succeed.
[logs_null INFO ] 2021-10-11 17:42:16.673 BaseTest:122 - video path: videos\null_null\2021-10-11-17-40-40\CreateBracketTests\invalidData.mp4
[logs_null INFO ] 2021-10-11 17:42:17.917 CreateBracketTests:51 - 
****** starting test:validData******

[logs_null INFO ] 2021-10-11 17:42:19.308 Log:10 - validData test is starting.
[logs_null INFO ] 2021-10-11 17:42:24.532 BaseTest:295 - Email is ankita.kanchan@pi-sy.com
[logs_null INFO ] 2021-10-11 17:42:26.284 BaseTest:295 - Password is Ankita@1234
[logs_null INFO ] 2021-10-11 17:42:27.417 BaseTest:274 - Clicking on Login Button
[logs_null INFO ] 2021-10-11 17:42:29.157 BaseTest:274 - Clicking on Skip Button
[logs_null INFO ] 2021-10-11 17:42:30.376 BaseTest:274 - Clicking on Bracket Home Button 
[logs_null INFO ] 2021-10-11 17:42:31.648 BaseTest:274 - Clicking on Next Button
[logs_null INFO ] 2021-10-11 17:42:32.971 BaseTest:274 - Clicking on Add Bracket Button 
[logs_null INFO ] 2021-10-11 17:42:34.197 BaseTest:302 - Clicking on Tounament List
[logs_null INFO ] 2021-10-11 17:42:37.566 BaseTest:295 - Bracket Name is AnkitaBracket1
[logs_null INFO ] 2021-10-11 17:42:38.249 BaseTest:274 - Clicking on Create Bracket Button 
[logs_null INFO ] 2021-10-11 17:42:40.579 Log:10 - validData test is failed.
[logs_null INFO ] 2021-10-11 17:42:45.457 BaseTest:122 - video path: videos\null_null\2021-10-11-17-40-40\CreateBracketTests\validData.mp4
[logs_null INFO ] 2021-10-11 17:42:45.982 Log:10 - I am in onFinish method LoginTests
[logs_null INFO ] 2021-10-11 17:42:46.387 BaseTest:151 - Appium server stopped
[logs_null INFO ] 2021-10-11 17:58:44.093 BaseTest:193 - log path: logs\_null
[logs_null INFO ] 2021-10-11 17:58:44.102 BaseTest:200 - load config.properties
[logs_null INFO ] 2021-10-11 17:58:44.103 BaseTest:205 - load strings/strings.xml
[logs_null FATAL] 2021-10-11 17:59:05.379 BaseTest:230 - driver initialization failure. ABORT!!!
org.openqa.selenium.SessionNotCreatedException: Unable to create a new remote session. Please check the server log for more details. Original error: An unknown server-side error occurred while processing the command. Original error: Could not find a connected Android device in 20168ms.
Build info: version: '3.141.59', revision: 'e82be7d358', time: '2018-11-14T08:17:03'
System info: host: 'DESKTOP-GIJQBVN', ip: '192.168.1.7', os.name: 'Windows 10', os.arch: 'amd64', os.version: '10.0', java.version: '11.0.10'
Driver info: driver.version: AndroidDriver
remote stacktrace: UnknownError: An unknown server-side error occurred while processing the command. Original error: Could not find a connected Android device in 20168ms.
    at getResponseForW3CError (C:\Users\ankit\AppData\Local\Programs\Appium\resources\app\node_modules\appium\node_modules\appium-base-driver\lib\protocol\errors.js:804:9)
    at asyncHandler (C:\Users\ankit\AppData\Local\Programs\Appium\resources\app\node_modules\appium\node_modules\appium-base-driver\lib\protocol\protocol.js:380:37)
Build info: version: '3.141.59', revision: 'e82be7d358', time: '2018-11-14T08:17:03'
System info: host: 'DESKTOP-GIJQBVN', ip: '192.168.1.7', os.name: 'Windows 10', os.arch: 'amd64', os.version: '10.0', java.version: '11.0.10'
Driver info: driver.version: AndroidDriver
[logs_null INFO ] 2021-10-11 17:59:05.426 Log:10 - alreadyExistingBracket test is starting.
[logs_null INFO ] 2021-10-11 17:59:05.429 Log:10 - alreadyExistingBracket test is skipped.
[logs_null INFO ] 2021-10-11 17:59:05.526 Log:10 - alreadyExistingBracket test is failed.
[logs_null INFO ] 2021-10-11 17:59:05.568 Log:10 - I am in onFinish method LoginTests
[logs_null INFO ] 2021-10-11 17:59:48.003 BaseTest:193 - log path: logs\_null
[logs_null INFO ] 2021-10-11 17:59:48.014 BaseTest:200 - load config.properties
[logs_null INFO ] 2021-10-11 17:59:48.014 BaseTest:205 - load strings/strings.xml
[logs_null INFO ] 2021-10-11 17:59:58.649 BaseTest:228 - driver initialized: io.appium.java_client.android.AndroidDriver, Capabilities: {appActivity=.activity.SplashScreenActivity, appPackage=com.avercast.fanbuku_app, automationName=UiAutomator2, databaseEnabled=false, desired={platformName=android, appActivity=.activity.SplashScreenActivity, appPackage=com.avercast.fanbuku_app, automationName=UiAutomator2, deviceName=Redmi Note 10S, udid=WOBUKBZL4D6T9PSO}, deviceApiLevel=30, deviceManufacturer=Xiaomi, deviceModel=M2101K7BI, deviceName=WOBUKBZL4D6T9PSO, deviceScreenDensity=440, deviceScreenSize=1080x2400, deviceUDID=WOBUKBZL4D6T9PSO, javascriptEnabled=true, locationContextEnabled=false, networkConnectionEnabled=true, pixelRatio=2.75, platform=LINUX, platformName=Android, platformVersion=11, statBarHeight=93, takesScreenshot=true, udid=WOBUKBZL4D6T9PSO, viewportRect={left=0, top=93, width=1080, height=2170}, warnings={}, webStorageEnabled=false}
[logs_null INFO ] 2021-10-11 18:00:01.932 CreateBracketTests:51 - 
****** starting test:alreadyExistingBracket******

[logs_null INFO ] 2021-10-11 18:00:03.412 Log:10 - alreadyExistingBracket test is starting.
[logs_null INFO ] 2021-10-11 18:00:08.785 BaseTest:295 - Email is ankita.kanchan@pi-sy.com
[logs_null INFO ] 2021-10-11 18:00:10.641 BaseTest:295 - Password is Ankita@1234
[logs_null INFO ] 2021-10-11 18:00:11.785 BaseTest:274 - Clicking on Login Button
[logs_null INFO ] 2021-10-11 18:00:13.253 BaseTest:274 - Clicking on Skip Button
[logs_null INFO ] 2021-10-11 18:00:14.487 BaseTest:274 - Clicking on Bracket Home Button 
[logs_null INFO ] 2021-10-11 18:00:15.372 BaseTest:274 - Clicking on Next Button
[logs_null INFO ] 2021-10-11 18:00:16.723 BaseTest:274 - Clicking on Add Bracket Button 
[logs_null INFO ] 2021-10-11 18:00:18.005 BaseTest:302 - Clicking on Tounament List
[logs_null INFO ] 2021-10-11 18:00:21.505 BaseTest:295 - Bracket Name is TestABracket
[logs_null INFO ] 2021-10-11 18:00:22.191 BaseTest:274 - Clicking on Create Bracket Button 
[logs_null INFO ] 2021-10-11 18:00:24.620 Log:10 - alreadyExistingBracket test is failed.
[logs_null INFO ] 2021-10-11 18:00:30.299 BaseTest:122 - video path: videos\null_null\2021-10-11-17-59-48\CreateBracketTests\alreadyExistingBracket.mp4
[logs_null INFO ] 2021-10-11 18:00:31.401 CreateBracketTests:51 - 
****** starting test:blankData******

[logs_null INFO ] 2021-10-11 18:00:32.894 Log:10 - blankData test is starting.
[logs_null INFO ] 2021-10-11 18:00:37.993 BaseTest:295 - Email is ankita.kanchan@pi-sy.com
[logs_null INFO ] 2021-10-11 18:00:40.107 BaseTest:295 - Password is Ankita@1234
[logs_null INFO ] 2021-10-11 18:00:41.253 BaseTest:274 - Clicking on Login Button
[logs_null INFO ] 2021-10-11 18:00:42.677 BaseTest:274 - Clicking on Skip Button
[logs_null INFO ] 2021-10-11 18:00:43.902 BaseTest:274 - Clicking on Bracket Home Button 
[logs_null INFO ] 2021-10-11 18:00:44.892 BaseTest:274 - Clicking on Next Button
[logs_null INFO ] 2021-10-11 18:00:46.226 BaseTest:274 - Clicking on Add Bracket Button 
[logs_null INFO ] 2021-10-11 18:00:47.466 BaseTest:302 - Clicking on Tounament List
[logs_null INFO ] 2021-10-11 18:00:50.878 BaseTest:295 - Bracket Name is 
[logs_null INFO ] 2021-10-11 18:00:51.529 BaseTest:274 - Clicking on Create Bracket Button 
[logs_null INFO ] 2021-10-11 18:00:53.817 Log:10 - blankData test is succeed.
[logs_null INFO ] 2021-10-11 18:00:58.370 BaseTest:122 - video path: videos\null_null\2021-10-11-17-59-48\CreateBracketTests\blankData.mp4
[logs_null INFO ] 2021-10-11 18:00:59.490 CreateBracketTests:51 - 
****** starting test:invalidData******

[logs_null INFO ] 2021-10-11 18:01:01.061 Log:10 - invalidData test is starting.
[logs_null INFO ] 2021-10-11 18:01:06.158 BaseTest:295 - Email is ankita.kanchan@pi-sy.com
[logs_null INFO ] 2021-10-11 18:01:08.300 BaseTest:295 - Password is Ankita@1234
[logs_null INFO ] 2021-10-11 18:01:09.419 BaseTest:274 - Clicking on Login Button
[logs_null INFO ] 2021-10-11 18:01:10.854 BaseTest:274 - Clicking on Skip Button
[logs_null INFO ] 2021-10-11 18:01:12.098 BaseTest:274 - Clicking on Bracket Home Button 
[logs_null INFO ] 2021-10-11 18:01:13.189 BaseTest:274 - Clicking on Next Button
[logs_null INFO ] 2021-10-11 18:01:14.565 BaseTest:274 - Clicking on Add Bracket Button 
[logs_null INFO ] 2021-10-11 18:01:15.803 BaseTest:302 - Clicking on Tounament List
[logs_null INFO ] 2021-10-11 18:01:19.228 BaseTest:295 - Bracket Name is #$%dsfG%^&
[logs_null INFO ] 2021-10-11 18:01:19.914 BaseTest:274 - Clicking on Create Bracket Button 
[logs_null INFO ] 2021-10-11 18:01:22.125 Log:10 - invalidData test is failed.
[logs_null INFO ] 2021-10-11 18:01:26.595 BaseTest:122 - video path: videos\null_null\2021-10-11-17-59-48\CreateBracketTests\invalidData.mp4
[logs_null INFO ] 2021-10-11 18:01:27.672 CreateBracketTests:51 - 
****** starting test:validData******

[logs_null INFO ] 2021-10-11 18:01:29.201 Log:10 - validData test is starting.
[logs_null INFO ] 2021-10-11 18:01:34.316 BaseTest:295 - Email is ankita.kanchan@pi-sy.com
[logs_null INFO ] 2021-10-11 18:01:36.141 BaseTest:295 - Password is Ankita@1234
[logs_null INFO ] 2021-10-11 18:01:37.252 BaseTest:274 - Clicking on Login Button
[logs_null INFO ] 2021-10-11 18:01:38.668 BaseTest:274 - Clicking on Skip Button
[logs_null INFO ] 2021-10-11 18:01:39.904 BaseTest:274 - Clicking on Bracket Home Button 
[logs_null INFO ] 2021-10-11 18:01:40.840 BaseTest:274 - Clicking on Next Button
[logs_null INFO ] 2021-10-11 18:01:42.142 BaseTest:274 - Clicking on Add Bracket Button 
[logs_null INFO ] 2021-10-11 18:01:43.385 BaseTest:302 - Clicking on Tounament List
[logs_null INFO ] 2021-10-11 18:01:46.828 BaseTest:295 - Bracket Name is AnkitaBracket1
[logs_null INFO ] 2021-10-11 18:01:47.519 BaseTest:274 - Clicking on Create Bracket Button 
[logs_null INFO ] 2021-10-11 18:01:49.769 Log:10 - validData test is failed.
[logs_null INFO ] 2021-10-11 18:01:55.018 BaseTest:122 - video path: videos\null_null\2021-10-11-17-59-48\CreateBracketTests\validData.mp4
[logs_null INFO ] 2021-10-11 18:01:55.577 Log:10 - I am in onFinish method LoginTests
[logs_null INFO ] 2021-10-11 18:01:55.790 BaseTest:151 - Appium server stopped
[logs_null INFO ] 2021-10-11 18:02:18.211 BaseTest:193 - log path: logs\_null
[logs_null INFO ] 2021-10-11 18:02:18.221 BaseTest:200 - load config.properties
[logs_null INFO ] 2021-10-11 18:02:18.222 BaseTest:205 - load strings/strings.xml
[logs_null INFO ] 2021-10-11 18:02:28.397 BaseTest:228 - driver initialized: io.appium.java_client.android.AndroidDriver, Capabilities: {appActivity=.activity.SplashScreenActivity, appPackage=com.avercast.fanbuku_app, automationName=UiAutomator2, databaseEnabled=false, desired={platformName=android, appActivity=.activity.SplashScreenActivity, appPackage=com.avercast.fanbuku_app, automationName=UiAutomator2, deviceName=Redmi Note 10S, udid=WOBUKBZL4D6T9PSO}, deviceApiLevel=30, deviceManufacturer=Xiaomi, deviceModel=M2101K7BI, deviceName=WOBUKBZL4D6T9PSO, deviceScreenDensity=440, deviceScreenSize=1080x2400, deviceUDID=WOBUKBZL4D6T9PSO, javascriptEnabled=true, locationContextEnabled=false, networkConnectionEnabled=true, pixelRatio=2.75, platform=LINUX, platformName=Android, platformVersion=11, statBarHeight=93, takesScreenshot=true, udid=WOBUKBZL4D6T9PSO, viewportRect={left=0, top=93, width=1080, height=2170}, warnings={}, webStorageEnabled=false}
[logs_null INFO ] 2021-10-11 18:02:30.571 CreateBracketTests:51 - 
****** starting test:alreadyExistingBracket******

[logs_null INFO ] 2021-10-11 18:02:32.067 Log:10 - alreadyExistingBracket test is starting.
[logs_null INFO ] 2021-10-11 18:02:37.197 BaseTest:295 - Email is ankita.kanchan@pi-sy.com
[logs_null INFO ] 2021-10-11 18:02:39.429 BaseTest:295 - Password is Ankita@1234
[logs_null INFO ] 2021-10-11 18:02:40.570 BaseTest:274 - Clicking on Login Button
[logs_null INFO ] 2021-10-11 18:02:42.041 BaseTest:274 - Clicking on Skip Button
[logs_null INFO ] 2021-10-11 18:02:43.286 BaseTest:274 - Clicking on Bracket Home Button 
[logs_null INFO ] 2021-10-11 18:02:44.348 BaseTest:274 - Clicking on Next Button
[logs_null INFO ] 2021-10-11 18:02:45.747 BaseTest:274 - Clicking on Add Bracket Button 
[logs_null INFO ] 2021-10-11 18:02:46.999 BaseTest:302 - Clicking on Tounament List
[logs_null INFO ] 2021-10-11 18:02:50.469 BaseTest:295 - Bracket Name is TestABracket
[logs_null INFO ] 2021-10-11 18:02:51.171 BaseTest:274 - Clicking on Create Bracket Button 
[logs_null INFO ] 2021-10-11 18:02:53.560 Log:10 - alreadyExistingBracket test is failed.
[logs_null INFO ] 2021-10-11 18:02:58.671 BaseTest:122 - video path: videos\null_null\2021-10-11-18-02-18\CreateBracketTests\alreadyExistingBracket.mp4
[logs_null INFO ] 2021-10-11 18:02:59.470 CreateBracketTests:51 - 
****** starting test:blankData******

[logs_null INFO ] 2021-10-11 18:03:00.951 Log:10 - blankData test is starting.
[logs_null INFO ] 2021-10-11 18:03:06.076 BaseTest:295 - Email is ankita.kanchan@pi-sy.com
[logs_null INFO ] 2021-10-11 18:03:08.401 BaseTest:295 - Password is Ankita@1234
[logs_null INFO ] 2021-10-11 18:03:09.530 BaseTest:274 - Clicking on Login Button
[logs_null INFO ] 2021-10-11 18:03:10.972 BaseTest:274 - Clicking on Skip Button
[logs_null INFO ] 2021-10-11 18:03:12.182 BaseTest:274 - Clicking on Bracket Home Button 
[logs_null INFO ] 2021-10-11 18:03:13.112 BaseTest:274 - Clicking on Next Button
[logs_null INFO ] 2021-10-11 18:03:14.367 BaseTest:274 - Clicking on Add Bracket Button 
[logs_null INFO ] 2021-10-11 18:03:15.616 BaseTest:302 - Clicking on Tounament List
[logs_null INFO ] 2021-10-11 18:03:19.062 BaseTest:295 - Bracket Name is 
[logs_null INFO ] 2021-10-11 18:03:19.717 BaseTest:274 - Clicking on Create Bracket Button 
[logs_null INFO ] 2021-10-11 18:03:22.007 Log:10 - blankData test is succeed.
[logs_null INFO ] 2021-10-11 18:03:26.192 BaseTest:122 - video path: videos\null_null\2021-10-11-18-02-18\CreateBracketTests\blankData.mp4
[logs_null INFO ] 2021-10-11 18:03:27.169 CreateBracketTests:51 - 
****** starting test:invalidData******

[logs_null INFO ] 2021-10-11 18:03:28.619 Log:10 - invalidData test is starting.
[logs_null INFO ] 2021-10-11 18:03:33.706 BaseTest:295 - Email is ankita.kanchan@pi-sy.com
[logs_null INFO ] 2021-10-11 18:03:35.520 BaseTest:295 - Password is Ankita@1234
[logs_null INFO ] 2021-10-11 18:03:36.655 BaseTest:274 - Clicking on Login Button
[logs_null INFO ] 2021-10-11 18:03:38.029 BaseTest:274 - Clicking on Skip Button
[logs_null INFO ] 2021-10-11 18:03:39.250 BaseTest:274 - Clicking on Bracket Home Button 
[logs_null INFO ] 2021-10-11 18:03:40.163 BaseTest:274 - Clicking on Next Button
[logs_null INFO ] 2021-10-11 18:03:41.412 BaseTest:274 - Clicking on Add Bracket Button 
[logs_null INFO ] 2021-10-11 18:03:54.524 Log:10 - invalidData test is failed.
[logs_null INFO ] 2021-10-11 18:04:02.128 BaseTest:122 - video path: videos\null_null\2021-10-11-18-02-18\CreateBracketTests\invalidData.mp4
[logs_null INFO ] 2021-10-11 18:04:02.894 CreateBracketTests:51 - 
****** starting test:validData******

[logs_null INFO ] 2021-10-11 18:04:04.305 Log:10 - validData test is starting.
[logs_null INFO ] 2021-10-11 18:04:09.429 BaseTest:295 - Email is ankita.kanchan@pi-sy.com
[logs_null INFO ] 2021-10-11 18:04:11.232 BaseTest:295 - Password is Ankita@1234
[logs_null INFO ] 2021-10-11 18:04:12.354 BaseTest:274 - Clicking on Login Button
[logs_null INFO ] 2021-10-11 18:04:13.816 BaseTest:274 - Clicking on Skip Button
[logs_null INFO ] 2021-10-11 18:04:15.027 BaseTest:274 - Clicking on Bracket Home Button 
[logs_null INFO ] 2021-10-11 18:04:16.033 BaseTest:274 - Clicking on Next Button
[logs_null INFO ] 2021-10-11 18:04:17.364 BaseTest:274 - Clicking on Add Bracket Button 
[logs_null INFO ] 2021-10-11 18:04:18.598 BaseTest:302 - Clicking on Tounament List
[logs_null INFO ] 2021-10-11 18:04:22.003 BaseTest:295 - Bracket Name is AnkitaBracket1
[logs_null INFO ] 2021-10-11 18:04:22.699 BaseTest:274 - Clicking on Create Bracket Button 
[logs_null INFO ] 2021-10-11 18:04:25.006 Log:10 - validData test is succeed.
[logs_null INFO ] 2021-10-11 18:04:29.935 BaseTest:122 - video path: videos\null_null\2021-10-11-18-02-18\CreateBracketTests\validData.mp4
[logs_null INFO ] 2021-10-11 18:04:30.353 Log:10 - I am in onFinish method LoginTests
[logs_null INFO ] 2021-10-11 18:04:30.595 BaseTest:151 - Appium server stopped
[logs_null INFO ] 2021-10-11 18:12:23.147 BaseTest:193 - log path: logs\_null
[logs_null INFO ] 2021-10-11 18:12:23.158 BaseTest:200 - load config.properties
[logs_null INFO ] 2021-10-11 18:12:23.158 BaseTest:205 - load strings/strings.xml
[logs_null INFO ] 2021-10-11 18:12:33.384 BaseTest:228 - driver initialized: io.appium.java_client.android.AndroidDriver, Capabilities: {appActivity=.activity.SplashScreenActivity, appPackage=com.avercast.fanbuku_app, automationName=UiAutomator2, databaseEnabled=false, desired={platformName=android, appActivity=.activity.SplashScreenActivity, appPackage=com.avercast.fanbuku_app, automationName=UiAutomator2, deviceName=Redmi Note 10S, udid=WOBUKBZL4D6T9PSO}, deviceApiLevel=30, deviceManufacturer=Xiaomi, deviceModel=M2101K7BI, deviceName=WOBUKBZL4D6T9PSO, deviceScreenDensity=440, deviceScreenSize=1080x2400, deviceUDID=WOBUKBZL4D6T9PSO, javascriptEnabled=true, locationContextEnabled=false, networkConnectionEnabled=true, pixelRatio=2.75, platform=LINUX, platformName=Android, platformVersion=11, statBarHeight=93, takesScreenshot=true, udid=WOBUKBZL4D6T9PSO, viewportRect={left=0, top=93, width=1080, height=2170}, warnings={}, webStorageEnabled=false}
[logs_null INFO ] 2021-10-11 18:12:35.650 CreateBracketTests:51 - 
****** starting test:alreadyExistingBracket******

[logs_null INFO ] 2021-10-11 18:12:37.232 Log:10 - alreadyExistingBracket test is starting.
[logs_null INFO ] 2021-10-11 18:12:42.305 BaseTest:295 - Email is ankita.kanchan@pi-sy.com
[logs_null INFO ] 2021-10-11 18:12:44.183 BaseTest:295 - Password is Ankita@1234
[logs_null INFO ] 2021-10-11 18:12:45.343 BaseTest:274 - Clicking on Login Button
[logs_null INFO ] 2021-10-11 18:12:46.854 BaseTest:274 - Clicking on Skip Button
[logs_null INFO ] 2021-10-11 18:12:48.112 BaseTest:274 - Clicking on Bracket Home Button 
[logs_null INFO ] 2021-10-11 18:12:49.003 BaseTest:274 - Clicking on Next Button
[logs_null INFO ] 2021-10-11 18:12:50.532 BaseTest:274 - Clicking on Add Bracket Button 
[logs_null INFO ] 2021-10-11 18:12:51.811 BaseTest:302 - Clicking on Tounament List
[logs_null INFO ] 2021-10-11 18:12:55.781 BaseTest:295 - Bracket Name is TestABracket
[logs_null INFO ] 2021-10-11 18:12:56.588 BaseTest:274 - Clicking on Create Bracket Button 
[logs_null INFO ] 2021-10-11 18:13:00.256 Log:10 - alreadyExistingBracket test is failed.
[logs_null INFO ] 2021-10-11 18:13:07.095 BaseTest:122 - video path: videos\null_null\2021-10-11-18-12-23\CreateBracketTests\alreadyExistingBracket.mp4
[logs_null INFO ] 2021-10-11 18:13:09.706 CreateBracketTests:51 - 
****** starting test:blankData******

[logs_null INFO ] 2021-10-11 18:13:11.240 Log:10 - blankData test is starting.
[logs_null INFO ] 2021-10-11 18:13:16.367 BaseTest:295 - Email is ankita.kanchan@pi-sy.com
[logs_null INFO ] 2021-10-11 18:13:18.217 BaseTest:295 - Password is Ankita@1234
[logs_null INFO ] 2021-10-11 18:13:19.374 BaseTest:274 - Clicking on Login Button
[logs_null INFO ] 2021-10-11 18:13:20.873 BaseTest:274 - Clicking on Skip Button
[logs_null INFO ] 2021-10-11 18:13:22.134 BaseTest:274 - Clicking on Bracket Home Button 
[logs_null INFO ] 2021-10-11 18:13:23.000 BaseTest:274 - Clicking on Next Button
[logs_null INFO ] 2021-10-11 18:13:24.583 BaseTest:274 - Clicking on Add Bracket Button 
[logs_null INFO ] 2021-10-11 18:13:25.864 BaseTest:302 - Clicking on Tounament List
[logs_null INFO ] 2021-10-11 18:13:29.353 BaseTest:295 - Bracket Name is 
[logs_null INFO ] 2021-10-11 18:13:30.037 BaseTest:274 - Clicking on Create Bracket Button 
[logs_null INFO ] 2021-10-11 18:13:32.607 Log:10 - blankData test is succeed.
[logs_null INFO ] 2021-10-11 18:13:37.125 BaseTest:122 - video path: videos\null_null\2021-10-11-18-12-23\CreateBracketTests\blankData.mp4
[logs_null INFO ] 2021-10-11 18:13:38.159 CreateBracketTests:51 - 
****** starting test:invalidData******

[logs_null INFO ] 2021-10-11 18:13:39.636 Log:10 - invalidData test is starting.
[logs_null INFO ] 2021-10-11 18:13:44.726 BaseTest:295 - Email is ankita.kanchan@pi-sy.com
[logs_null INFO ] 2021-10-11 18:13:46.533 BaseTest:295 - Password is Ankita@1234
[logs_null INFO ] 2021-10-11 18:13:47.663 BaseTest:274 - Clicking on Login Button
[logs_null INFO ] 2021-10-11 18:13:49.061 BaseTest:274 - Clicking on Skip Button
[logs_null INFO ] 2021-10-11 18:13:50.263 BaseTest:274 - Clicking on Bracket Home Button 
[logs_null INFO ] 2021-10-11 18:13:51.238 BaseTest:274 - Clicking on Next Button
[logs_null INFO ] 2021-10-11 18:13:52.656 BaseTest:274 - Clicking on Add Bracket Button 
[logs_null INFO ] 2021-10-11 18:13:53.888 BaseTest:302 - Clicking on Tounament List
[logs_null INFO ] 2021-10-11 18:13:57.255 BaseTest:295 - Bracket Name is #$%dsfG%^&
[logs_null INFO ] 2021-10-11 18:13:58.033 BaseTest:274 - Clicking on Create Bracket Button 
[logs_null INFO ] 2021-10-11 18:14:00.300 Log:10 - invalidData test is failed.
[logs_null INFO ] 2021-10-11 18:14:05.448 BaseTest:122 - video path: videos\null_null\2021-10-11-18-12-23\CreateBracketTests\invalidData.mp4
[logs_null INFO ] 2021-10-11 18:14:06.364 CreateBracketTests:51 - 
****** starting test:validData******

[logs_null INFO ] 2021-10-11 18:14:07.837 Log:10 - validData test is starting.
[logs_null INFO ] 2021-10-11 18:14:12.934 BaseTest:295 - Email is ankita.kanchan@pi-sy.com
[logs_null INFO ] 2021-10-11 18:14:15.241 BaseTest:295 - Password is Ankita@1234
[logs_null INFO ] 2021-10-11 18:14:16.382 BaseTest:274 - Clicking on Login Button
[logs_null INFO ] 2021-10-11 18:14:17.788 BaseTest:274 - Clicking on Skip Button
[logs_null INFO ] 2021-10-11 18:14:19.017 BaseTest:274 - Clicking on Bracket Home Button 
[logs_null INFO ] 2021-10-11 18:14:20.010 BaseTest:274 - Clicking on Next Button
[logs_null INFO ] 2021-10-11 18:14:21.479 BaseTest:274 - Clicking on Add Bracket Button 
[logs_null INFO ] 2021-10-11 18:14:22.710 BaseTest:302 - Clicking on Tounament List
[logs_null INFO ] 2021-10-11 18:14:23.718 Log:10 - validData test is succeed.
[logs_null INFO ] 2021-10-11 18:14:28.458 BaseTest:122 - video path: videos\null_null\2021-10-11-18-12-23\CreateBracketTests\validData.mp4
[logs_null INFO ] 2021-10-11 18:14:28.847 Log:10 - I am in onFinish method LoginTests
[logs_null INFO ] 2021-10-11 18:14:29.071 BaseTest:151 - Appium server stopped
[logs_null INFO ] 2021-10-11 18:14:41.171 BaseTest:193 - log path: logs\_null
[logs_null INFO ] 2021-10-11 18:14:41.180 BaseTest:200 - load config.properties
[logs_null INFO ] 2021-10-11 18:14:41.183 BaseTest:205 - load strings/strings.xml
[logs_null INFO ] 2021-10-11 18:14:51.760 BaseTest:228 - driver initialized: io.appium.java_client.android.AndroidDriver, Capabilities: {appActivity=.activity.SplashScreenActivity, appPackage=com.avercast.fanbuku_app, automationName=UiAutomator2, databaseEnabled=false, desired={platformName=android, appActivity=.activity.SplashScreenActivity, appPackage=com.avercast.fanbuku_app, automationName=UiAutomator2, deviceName=Redmi Note 10S, udid=WOBUKBZL4D6T9PSO}, deviceApiLevel=30, deviceManufacturer=Xiaomi, deviceModel=M2101K7BI, deviceName=WOBUKBZL4D6T9PSO, deviceScreenDensity=440, deviceScreenSize=1080x2400, deviceUDID=WOBUKBZL4D6T9PSO, javascriptEnabled=true, locationContextEnabled=false, networkConnectionEnabled=true, pixelRatio=2.75, platform=LINUX, platformName=Android, platformVersion=11, statBarHeight=93, takesScreenshot=true, udid=WOBUKBZL4D6T9PSO, viewportRect={left=0, top=93, width=1080, height=2170}, warnings={}, webStorageEnabled=false}
[logs_null INFO ] 2021-10-11 18:14:54.410 CreateBracketTests:51 - 
****** starting test:alreadyExistingBracket******

[logs_null INFO ] 2021-10-11 18:14:56.058 Log:10 - alreadyExistingBracket test is starting.
[logs_null INFO ] 2021-10-11 18:15:01.224 BaseTest:295 - Email is ankita.kanchan@pi-sy.com
[logs_null INFO ] 2021-10-11 18:15:03.143 BaseTest:295 - Password is Ankita@1234
[logs_null INFO ] 2021-10-11 18:15:04.294 BaseTest:274 - Clicking on Login Button
[logs_null INFO ] 2021-10-11 18:15:05.826 BaseTest:274 - Clicking on Skip Button
[logs_null INFO ] 2021-10-11 18:15:07.078 BaseTest:274 - Clicking on Bracket Home Button 
[logs_null INFO ] 2021-10-11 18:15:08.077 BaseTest:274 - Clicking on Next Button
[logs_null INFO ] 2021-10-11 18:15:09.579 BaseTest:274 - Clicking on Add Bracket Button 
[logs_null INFO ] 2021-10-11 18:15:10.854 BaseTest:302 - Clicking on Tounament List
[logs_null INFO ] 2021-10-11 18:15:14.401 BaseTest:295 - Bracket Name is TestABracket
[logs_null INFO ] 2021-10-11 18:15:15.219 BaseTest:274 - Clicking on Create Bracket Button 
[logs_null INFO ] 2021-10-11 18:15:18.116 Log:10 - alreadyExistingBracket test is failed.
[logs_null INFO ] 2021-10-11 18:15:23.984 BaseTest:122 - video path: videos\null_null\2021-10-11-18-14-41\CreateBracketTests\alreadyExistingBracket.mp4
[logs_null INFO ] 2021-10-11 18:15:24.944 CreateBracketTests:51 - 
****** starting test:blankData******

[logs_null INFO ] 2021-10-11 18:15:26.524 Log:10 - blankData test is starting.
[logs_null INFO ] 2021-10-11 18:15:31.632 BaseTest:295 - Email is ankita.kanchan@pi-sy.com
[logs_null INFO ] 2021-10-11 18:15:33.477 BaseTest:295 - Password is Ankita@1234
[logs_null INFO ] 2021-10-11 18:15:34.608 BaseTest:274 - Clicking on Login Button
[logs_null INFO ] 2021-10-11 18:15:36.045 BaseTest:274 - Clicking on Skip Button
[logs_null INFO ] 2021-10-11 18:15:37.291 BaseTest:274 - Clicking on Bracket Home Button 
[logs_null INFO ] 2021-10-11 18:15:38.162 BaseTest:274 - Clicking on Next Button
[logs_null INFO ] 2021-10-11 18:15:39.607 BaseTest:274 - Clicking on Add Bracket Button 
[logs_null INFO ] 2021-10-11 18:15:40.864 BaseTest:302 - Clicking on Tounament List
[logs_null INFO ] 2021-10-11 18:15:44.391 BaseTest:295 - Bracket Name is 
[logs_null INFO ] 2021-10-11 18:15:45.058 BaseTest:274 - Clicking on Create Bracket Button 
[logs_null INFO ] 2021-10-11 18:15:47.342 Log:10 - blankData test is succeed.
[logs_null INFO ] 2021-10-11 18:15:51.908 BaseTest:122 - video path: videos\null_null\2021-10-11-18-14-41\CreateBracketTests\blankData.mp4
[logs_null INFO ] 2021-10-11 18:15:52.834 CreateBracketTests:51 - 
****** starting test:invalidData******

[logs_null INFO ] 2021-10-11 18:15:54.280 Log:10 - invalidData test is starting.
[logs_null INFO ] 2021-10-11 18:15:59.415 BaseTest:295 - Email is ankita.kanchan@pi-sy.com
[logs_null INFO ] 2021-10-11 18:16:02.691 BaseTest:295 - Password is Ankita@1234
[logs_null INFO ] 2021-10-11 18:16:03.848 BaseTest:274 - Clicking on Login Button
[logs_null INFO ] 2021-10-11 18:16:05.326 BaseTest:274 - Clicking on Skip Button
[logs_null INFO ] 2021-10-11 18:16:06.581 BaseTest:274 - Clicking on Bracket Home Button 
[logs_null INFO ] 2021-10-11 18:16:07.418 BaseTest:274 - Clicking on Next Button
[logs_null INFO ] 2021-10-11 18:16:08.721 BaseTest:274 - Clicking on Add Bracket Button 
[logs_null INFO ] 2021-10-11 18:16:24.900 BaseTest:193 - log path: logs\_null
[logs_null INFO ] 2021-10-11 18:16:24.932 BaseTest:200 - load config.properties
[logs_null INFO ] 2021-10-11 18:16:24.932 BaseTest:205 - load strings/strings.xml
[logs_null INFO ] 2021-10-11 18:16:36.091 BaseTest:228 - driver initialized: io.appium.java_client.android.AndroidDriver, Capabilities: {appActivity=.activity.SplashScreenActivity, appPackage=com.avercast.fanbuku_app, automationName=UiAutomator2, databaseEnabled=false, desired={platformName=android, appActivity=.activity.SplashScreenActivity, appPackage=com.avercast.fanbuku_app, automationName=UiAutomator2, deviceName=Redmi Note 10S, udid=WOBUKBZL4D6T9PSO}, deviceApiLevel=30, deviceManufacturer=Xiaomi, deviceModel=M2101K7BI, deviceName=WOBUKBZL4D6T9PSO, deviceScreenDensity=440, deviceScreenSize=1080x2400, deviceUDID=WOBUKBZL4D6T9PSO, javascriptEnabled=true, locationContextEnabled=false, networkConnectionEnabled=true, pixelRatio=2.75, platform=LINUX, platformName=Android, platformVersion=11, statBarHeight=93, takesScreenshot=true, udid=WOBUKBZL4D6T9PSO, viewportRect={left=0, top=93, width=1080, height=2170}, warnings={}, webStorageEnabled=false}
[logs_null INFO ] 2021-10-11 18:16:49.292 CreateBracketTests:51 - 
****** starting test:alreadyExistingBracket******

[logs_null INFO ] 2021-10-11 18:16:50.930 Log:10 - alreadyExistingBracket test is starting.
[logs_null INFO ] 2021-10-11 18:16:56.611 BaseTest:295 - Email is ankita.kanchan@pi-sy.com
[logs_null INFO ] 2021-10-11 18:16:58.422 BaseTest:295 - Password is Ankita@1234
[logs_null INFO ] 2021-10-11 18:16:59.567 BaseTest:274 - Clicking on Login Button
[logs_null INFO ] 2021-10-11 18:17:02.043 BaseTest:274 - Clicking on Skip Button
[logs_null INFO ] 2021-10-11 18:17:03.357 BaseTest:274 - Clicking on Bracket Home Button 
[logs_null INFO ] 2021-10-11 18:17:04.374 BaseTest:274 - Clicking on Next Button
[logs_null INFO ] 2021-10-11 18:17:05.822 BaseTest:274 - Clicking on Add Bracket Button 
[logs_null INFO ] 2021-10-11 18:17:07.113 BaseTest:302 - Clicking on Tounament List
[logs_null INFO ] 2021-10-11 18:17:11.084 BaseTest:295 - Bracket Name is TestABracket
[logs_null INFO ] 2021-10-11 18:17:11.937 BaseTest:274 - Clicking on Create Bracket Button 
[logs_null INFO ] 2021-10-11 18:17:14.532 Log:10 - alreadyExistingBracket test is failed.
[logs_null INFO ] 2021-10-11 18:17:23.448 BaseTest:122 - video path: videos\null_null\2021-10-11-18-16-24\CreateBracketTests\alreadyExistingBracket.mp4
[logs_null INFO ] 2021-10-11 18:17:25.416 CreateBracketTests:51 - 
****** starting test:blankData******

[logs_null INFO ] 2021-10-11 18:17:27.262 Log:10 - blankData test is starting.
[logs_null INFO ] 2021-10-11 18:17:32.307 BaseTest:295 - Email is ankita.kanchan@pi-sy.com
[logs_null INFO ] 2021-10-11 18:17:34.729 BaseTest:295 - Password is Ankita@1234
[logs_null INFO ] 2021-10-11 18:17:35.895 BaseTest:274 - Clicking on Login Button
[logs_null INFO ] 2021-10-11 18:17:37.354 BaseTest:274 - Clicking on Skip Button
[logs_null INFO ] 2021-10-11 18:17:38.601 BaseTest:274 - Clicking on Bracket Home Button 
[logs_null INFO ] 2021-10-11 18:17:39.542 BaseTest:274 - Clicking on Next Button
[logs_null INFO ] 2021-10-11 18:17:40.987 BaseTest:274 - Clicking on Add Bracket Button 
[logs_null INFO ] 2021-10-11 18:17:42.389 BaseTest:302 - Clicking on Tounament List
[logs_null INFO ] 2021-10-11 18:17:45.915 BaseTest:295 - Bracket Name is 
[logs_null INFO ] 2021-10-11 18:17:46.687 BaseTest:274 - Clicking on Create Bracket Button 
[logs_null INFO ] 2021-10-11 18:17:49.073 Log:10 - blankData test is succeed.
[logs_null INFO ] 2021-10-11 18:17:55.340 BaseTest:122 - video path: videos\null_null\2021-10-11-18-16-24\CreateBracketTests\blankData.mp4
[logs_null INFO ] 2021-10-11 18:17:56.662 CreateBracketTests:51 - 
****** starting test:invalidData******

[logs_null INFO ] 2021-10-11 18:17:58.428 Log:10 - invalidData test is starting.
[logs_null INFO ] 2021-10-11 18:18:03.569 BaseTest:295 - Email is ankita.kanchan@pi-sy.com
[logs_null INFO ] 2021-10-11 18:18:05.340 BaseTest:295 - Password is Ankita@1234
[logs_null INFO ] 2021-10-11 18:18:06.483 BaseTest:274 - Clicking on Login Button
[logs_null INFO ] 2021-10-11 18:18:08.298 BaseTest:274 - Clicking on Skip Button
[logs_null INFO ] 2021-10-11 18:18:09.538 BaseTest:274 - Clicking on Bracket Home Button 
[logs_null INFO ] 2021-10-11 18:18:10.433 BaseTest:274 - Clicking on Next Button
[logs_null INFO ] 2021-10-11 18:18:21.844 Log:10 - invalidData test is failed.
[logs_null INFO ] 2021-10-11 18:18:26.173 BaseTest:122 - video path: videos\null_null\2021-10-11-18-16-24\CreateBracketTests\invalidData.mp4
[logs_null INFO ] 2021-10-11 18:18:27.196 CreateBracketTests:51 - 
****** starting test:validData******

[logs_null INFO ] 2021-10-11 18:18:28.776 Log:10 - validData test is starting.
[logs_null INFO ] 2021-10-11 18:18:39.364 BaseTest:193 - log path: logs\_null
[logs_null INFO ] 2021-10-11 18:18:39.393 BaseTest:200 - load config.properties
[logs_null INFO ] 2021-10-11 18:18:39.394 BaseTest:205 - load strings/strings.xml
[logs_null INFO ] 2021-10-11 18:19:33.863 BaseTest:193 - log path: logs\_null
[logs_null INFO ] 2021-10-11 18:19:33.879 BaseTest:200 - load config.properties
[logs_null INFO ] 2021-10-11 18:19:33.881 BaseTest:205 - load strings/strings.xml
[logs_null INFO ] 2021-10-11 18:19:46.527 BaseTest:228 - driver initialized: io.appium.java_client.android.AndroidDriver, Capabilities: {appActivity=.activity.SplashScreenActivity, appPackage=com.avercast.fanbuku_app, automationName=UiAutomator2, databaseEnabled=false, desired={platformName=android, appActivity=.activity.SplashScreenActivity, appPackage=com.avercast.fanbuku_app, automationName=UiAutomator2, deviceName=Redmi Note 10S, udid=WOBUKBZL4D6T9PSO}, deviceApiLevel=30, deviceManufacturer=Xiaomi, deviceModel=M2101K7BI, deviceName=WOBUKBZL4D6T9PSO, deviceScreenDensity=440, deviceScreenSize=1080x2400, deviceUDID=WOBUKBZL4D6T9PSO, javascriptEnabled=true, locationContextEnabled=false, networkConnectionEnabled=true, pixelRatio=2.75, platform=LINUX, platformName=Android, platformVersion=11, statBarHeight=93, takesScreenshot=true, udid=WOBUKBZL4D6T9PSO, viewportRect={left=0, top=93, width=1080, height=2170}, warnings={}, webStorageEnabled=false}
[logs_null INFO ] 2021-10-11 18:20:08.607 BaseTest:193 - log path: logs\_null
[logs_null INFO ] 2021-10-11 18:20:08.619 BaseTest:200 - load config.properties
[logs_null INFO ] 2021-10-11 18:20:08.620 BaseTest:205 - load strings/strings.xml
[logs_null INFO ] 2021-10-11 18:20:19.998 BaseTest:228 - driver initialized: io.appium.java_client.android.AndroidDriver, Capabilities: {appActivity=.activity.SplashScreenActivity, appPackage=com.avercast.fanbuku_app, automationName=UiAutomator2, databaseEnabled=false, desired={platformName=android, appActivity=.activity.SplashScreenActivity, appPackage=com.avercast.fanbuku_app, automationName=UiAutomator2, deviceName=Redmi Note 10S, udid=WOBUKBZL4D6T9PSO}, deviceApiLevel=30, deviceManufacturer=Xiaomi, deviceModel=M2101K7BI, deviceName=WOBUKBZL4D6T9PSO, deviceScreenDensity=440, deviceScreenSize=1080x2400, deviceUDID=WOBUKBZL4D6T9PSO, javascriptEnabled=true, locationContextEnabled=false, networkConnectionEnabled=true, pixelRatio=2.75, platform=LINUX, platformName=Android, platformVersion=11, statBarHeight=93, takesScreenshot=true, udid=WOBUKBZL4D6T9PSO, viewportRect={left=0, top=93, width=1080, height=2170}, warnings={}, webStorageEnabled=false}
[logs_null INFO ] 2021-10-11 18:20:22.634 CreateBracketTests:51 - 
****** starting test:alreadyExistingBracket******

[logs_null INFO ] 2021-10-11 18:20:24.404 Log:10 - alreadyExistingBracket test is starting.
[logs_null INFO ] 2021-10-11 18:20:29.518 BaseTest:295 - Email is ankita.kanchan@pi-sy.com
[logs_null INFO ] 2021-10-11 18:20:30.811 BaseTest:295 - Password is Ankita@1234
[logs_null INFO ] 2021-10-11 18:20:31.965 BaseTest:274 - Clicking on Login Button
[logs_null INFO ] 2021-10-11 18:20:33.464 BaseTest:274 - Clicking on Skip Button
[logs_null INFO ] 2021-10-11 18:20:34.723 BaseTest:274 - Clicking on Bracket Home Button 
[logs_null INFO ] 2021-10-11 18:20:35.676 BaseTest:274 - Clicking on Next Button
[logs_null INFO ] 2021-10-11 18:20:37.968 BaseTest:274 - Clicking on Add Bracket Button 
[logs_null INFO ] 2021-10-11 18:20:39.243 BaseTest:302 - Clicking on Tounament List
[logs_null INFO ] 2021-10-11 18:20:42.757 BaseTest:295 - Bracket Name is TestABracket
[logs_null INFO ] 2021-10-11 18:20:43.518 BaseTest:274 - Clicking on Create Bracket Button 
[logs_null INFO ] 2021-10-11 18:20:45.973 Log:10 - alreadyExistingBracket test is failed.
[logs_null INFO ] 2021-10-11 18:20:52.488 BaseTest:122 - video path: videos\null_null\2021-10-11-18-20-08\CreateBracketTests\alreadyExistingBracket.mp4
[logs_null INFO ] 2021-10-11 18:20:53.512 CreateBracketTests:51 - 
****** starting test:blankData******

[logs_null INFO ] 2021-10-11 18:20:55.155 Log:10 - blankData test is starting.
[logs_null INFO ] 2021-10-11 18:21:00.258 BaseTest:295 - Email is ankita.kanchan@pi-sy.com
[logs_null INFO ] 2021-10-11 18:21:02.598 BaseTest:295 - Password is Ankita@1234
[logs_null INFO ] 2021-10-11 18:21:03.782 BaseTest:274 - Clicking on Login Button
[logs_null INFO ] 2021-10-11 18:21:05.258 BaseTest:274 - Clicking on Skip Button
[logs_null INFO ] 2021-10-11 18:21:06.511 BaseTest:274 - Clicking on Bracket Home Button 
[logs_null INFO ] 2021-10-11 18:21:07.383 BaseTest:274 - Clicking on Next Button
[logs_null INFO ] 2021-10-11 18:21:09.630 BaseTest:274 - Clicking on Add Bracket Button 
[logs_null INFO ] 2021-10-11 18:21:10.898 BaseTest:302 - Clicking on Tounament List
[logs_null INFO ] 2021-10-11 18:21:14.357 BaseTest:295 - Bracket Name is 
[logs_null INFO ] 2021-10-11 18:21:15.095 BaseTest:274 - Clicking on Create Bracket Button 
[logs_null INFO ] 2021-10-11 18:21:17.469 Log:10 - blankData test is succeed.
[logs_null INFO ] 2021-10-11 18:21:22.588 BaseTest:122 - video path: videos\null_null\2021-10-11-18-20-08\CreateBracketTests\blankData.mp4
[logs_null INFO ] 2021-10-11 18:21:23.472 CreateBracketTests:51 - 
****** starting test:invalidData******

[logs_null INFO ] 2021-10-11 18:21:25.015 Log:10 - invalidData test is starting.
[logs_null INFO ] 2021-10-11 18:21:30.132 BaseTest:295 - Email is ankita.kanchan@pi-sy.com
[logs_null INFO ] 2021-10-11 18:21:31.988 BaseTest:295 - Password is Ankita@1234
[logs_null INFO ] 2021-10-11 18:21:33.155 BaseTest:274 - Clicking on Login Button
[logs_null INFO ] 2021-10-11 18:21:34.603 BaseTest:274 - Clicking on Skip Button
[logs_null INFO ] 2021-10-11 18:21:35.823 BaseTest:274 - Clicking on Bracket Home Button 
[logs_null INFO ] 2021-10-11 18:21:36.823 BaseTest:274 - Clicking on Next Button
[logs_null INFO ] 2021-10-11 18:21:39.070 BaseTest:274 - Clicking on Add Bracket Button 
[logs_null INFO ] 2021-10-11 18:21:40.317 BaseTest:302 - Clicking on Tounament List
[logs_null INFO ] 2021-10-11 18:21:44.241 BaseTest:295 - Bracket Name is #$%dsfG%^&
[logs_null INFO ] 2021-10-11 18:21:44.938 BaseTest:274 - Clicking on Create Bracket Button 
[logs_null INFO ] 2021-10-11 18:21:47.150 Log:10 - invalidData test is failed.
[logs_null INFO ] 2021-10-11 18:21:53.006 BaseTest:122 - video path: videos\null_null\2021-10-11-18-20-08\CreateBracketTests\invalidData.mp4
[logs_null INFO ] 2021-10-11 18:21:53.924 CreateBracketTests:51 - 
****** starting test:validData******

[logs_null INFO ] 2021-10-11 18:21:55.546 Log:10 - validData test is starting.
[logs_null INFO ] 2021-10-11 18:22:00.636 BaseTest:295 - Email is ankita.kanchan@pi-sy.com
[logs_null INFO ] 2021-10-11 18:22:02.690 BaseTest:295 - Password is Ankita@1234
[logs_null INFO ] 2021-10-11 18:22:03.859 BaseTest:274 - Clicking on Login Button
[logs_null INFO ] 2021-10-11 18:22:05.269 BaseTest:274 - Clicking on Skip Button
[logs_null INFO ] 2021-10-11 18:22:06.499 BaseTest:274 - Clicking on Bracket Home Button 
[logs_null INFO ] 2021-10-11 18:22:07.534 BaseTest:274 - Clicking on Next Button
[logs_null INFO ] 2021-10-11 18:22:09.832 BaseTest:274 - Clicking on Add Bracket Button 
[logs_null INFO ] 2021-10-11 18:22:11.085 BaseTest:302 - Clicking on Tounament List
[logs_null INFO ] 2021-10-11 18:22:12.139 Log:10 - validData test is succeed.
[logs_null INFO ] 2021-10-11 18:22:17.387 BaseTest:122 - video path: videos\null_null\2021-10-11-18-20-08\CreateBracketTests\validData.mp4
[logs_null INFO ] 2021-10-11 18:22:17.832 Log:10 - I am in onFinish method LoginTests
[logs_null INFO ] 2021-10-11 18:22:18.140 BaseTest:151 - Appium server stopped
[logs_null INFO ] 2021-10-11 18:23:13.145 BaseTest:193 - log path: logs\_null
[logs_null INFO ] 2021-10-11 18:23:13.177 BaseTest:200 - load config.properties
[logs_null INFO ] 2021-10-11 18:23:13.179 BaseTest:205 - load strings/strings.xml
[logs_null INFO ] 2021-10-11 18:23:36.298 BaseTest:193 - log path: logs\_null
[logs_null INFO ] 2021-10-11 18:23:36.324 BaseTest:200 - load config.properties
[logs_null INFO ] 2021-10-11 18:23:36.327 BaseTest:205 - load strings/strings.xml
[logs_null INFO ] 2021-10-11 18:23:48.081 BaseTest:228 - driver initialized: io.appium.java_client.android.AndroidDriver, Capabilities: {appActivity=.activity.SplashScreenActivity, appPackage=com.avercast.fanbuku_app, automationName=UiAutomator2, databaseEnabled=false, desired={platformName=android, appActivity=.activity.SplashScreenActivity, appPackage=com.avercast.fanbuku_app, automationName=UiAutomator2, deviceName=Redmi Note 10S, udid=WOBUKBZL4D6T9PSO}, deviceApiLevel=30, deviceManufacturer=Xiaomi, deviceModel=M2101K7BI, deviceName=WOBUKBZL4D6T9PSO, deviceScreenDensity=440, deviceScreenSize=1080x2400, deviceUDID=WOBUKBZL4D6T9PSO, javascriptEnabled=true, locationContextEnabled=false, networkConnectionEnabled=true, pixelRatio=2.75, platform=LINUX, platformName=Android, platformVersion=11, statBarHeight=93, takesScreenshot=true, udid=WOBUKBZL4D6T9PSO, viewportRect={left=0, top=93, width=1080, height=2170}, warnings={}, webStorageEnabled=false}
[logs_null INFO ] 2021-10-11 18:23:50.398 CreateBracketTests:51 - 
****** starting test:alreadyExistingBracket******

[logs_null INFO ] 2021-10-11 18:23:52.569 Log:10 - alreadyExistingBracket test is starting.
[logs_null INFO ] 2021-10-11 18:23:57.723 BaseTest:295 - Email is ankita.kanchan@pi-sy.com
[logs_null INFO ] 2021-10-11 18:23:59.529 BaseTest:295 - Password is Ankita@1234
[logs_null INFO ] 2021-10-11 18:24:00.686 BaseTest:274 - Clicking on Login Button
[logs_null INFO ] 2021-10-11 18:24:02.237 BaseTest:274 - Clicking on Skip Button
[logs_null INFO ] 2021-10-11 18:24:03.452 BaseTest:274 - Clicking on Bracket Home Button 
[logs_null INFO ] 2021-10-11 18:24:04.404 BaseTest:274 - Clicking on Next Button
[logs_null INFO ] 2021-10-11 18:24:06.723 BaseTest:274 - Clicking on Add Bracket Button 
[logs_null INFO ] 2021-10-11 18:24:08.086 BaseTest:302 - Clicking on Tounament List
[logs_null INFO ] 2021-10-11 18:24:11.583 BaseTest:295 - Bracket Name is TestABracket
[logs_null INFO ] 2021-10-11 18:24:12.293 BaseTest:274 - Clicking on Create Bracket Button 
[logs_null INFO ] 2021-10-11 18:24:14.736 Log:10 - alreadyExistingBracket test is failed.
[logs_null INFO ] 2021-10-11 18:24:21.854 BaseTest:122 - video path: videos\null_null\2021-10-11-18-23-36\CreateBracketTests\alreadyExistingBracket.mp4
[logs_null INFO ] 2021-10-11 18:24:22.800 CreateBracketTests:51 - 
****** starting test:blankData******

[logs_null INFO ] 2021-10-11 18:24:24.483 Log:10 - blankData test is starting.
[logs_null INFO ] 2021-10-11 18:24:38.667 Log:10 - blankData test is succeed.
[logs_null INFO ] 2021-10-11 18:24:40.695 BaseTest:122 - video path: videos\null_null\2021-10-11-18-23-36\CreateBracketTests\blankData.mp4
[logs_null INFO ] 2021-10-11 18:24:41.732 CreateBracketTests:51 - 
****** starting test:invalidData******

[logs_null INFO ] 2021-10-11 18:24:43.461 Log:10 - invalidData test is starting.
[logs_null INFO ] 2021-10-11 18:24:48.524 BaseTest:295 - Email is ankita.kanchan@pi-sy.com
[logs_null INFO ] 2021-10-11 18:25:18.696 BaseTest:193 - log path: logs\_null
[logs_null INFO ] 2021-10-11 18:25:18.710 BaseTest:200 - load config.properties
[logs_null INFO ] 2021-10-11 18:25:18.711 BaseTest:205 - load strings/strings.xml
[logs_null INFO ] 2021-10-11 18:25:30.442 BaseTest:228 - driver initialized: io.appium.java_client.android.AndroidDriver, Capabilities: {appActivity=.activity.SplashScreenActivity, appPackage=com.avercast.fanbuku_app, automationName=UiAutomator2, databaseEnabled=false, desired={platformName=android, appActivity=.activity.SplashScreenActivity, appPackage=com.avercast.fanbuku_app, automationName=UiAutomator2, deviceName=Redmi Note 10S, udid=WOBUKBZL4D6T9PSO}, deviceApiLevel=30, deviceManufacturer=Xiaomi, deviceModel=M2101K7BI, deviceName=WOBUKBZL4D6T9PSO, deviceScreenDensity=440, deviceScreenSize=1080x2400, deviceUDID=WOBUKBZL4D6T9PSO, javascriptEnabled=true, locationContextEnabled=false, networkConnectionEnabled=true, pixelRatio=2.75, platform=LINUX, platformName=Android, platformVersion=11, statBarHeight=93, takesScreenshot=true, udid=WOBUKBZL4D6T9PSO, viewportRect={left=0, top=93, width=1080, height=2170}, warnings={}, webStorageEnabled=false}
[logs_null INFO ] 2021-10-11 18:25:44.413 CreateBracketTests:51 - 
****** starting test:alreadyExistingBracket******

[logs_null INFO ] 2021-10-11 18:25:46.381 Log:10 - alreadyExistingBracket test is starting.
[logs_null INFO ] 2021-10-11 18:25:51.620 BaseTest:295 - Email is ankita.kanchan@pi-sy.com
[logs_null INFO ] 2021-10-11 18:25:53.462 BaseTest:295 - Password is Ankita@1234
[logs_null INFO ] 2021-10-11 18:25:54.657 BaseTest:274 - Clicking on Login Button
[logs_null INFO ] 2021-10-11 18:25:56.233 BaseTest:274 - Clicking on Skip Button
[logs_null INFO ] 2021-10-11 18:25:57.495 BaseTest:274 - Clicking on Bracket Home Button 
[logs_null INFO ] 2021-10-11 18:25:58.392 BaseTest:274 - Clicking on Next Button
[logs_null INFO ] 2021-10-11 18:26:00.704 BaseTest:274 - Clicking on Add Bracket Button 
[logs_null INFO ] 2021-10-11 18:26:02.042 BaseTest:302 - Clicking on Tounament List
[logs_null INFO ] 2021-10-11 18:26:16.895 Log:10 - alreadyExistingBracket test is succeed.
[logs_null INFO ] 2021-10-11 18:26:22.231 BaseTest:122 - video path: videos\null_null\2021-10-11-18-25-18\CreateBracketTests\alreadyExistingBracket.mp4
[logs_null INFO ] 2021-10-11 18:26:23.223 CreateBracketTests:51 - 
****** starting test:blankData******

[logs_null INFO ] 2021-10-11 18:26:24.786 Log:10 - blankData test is starting.
[logs_null INFO ] 2021-10-11 18:26:33.102 BaseTest:193 - log path: logs\_null
[logs_null INFO ] 2021-10-11 18:26:33.115 BaseTest:200 - load config.properties
[logs_null INFO ] 2021-10-11 18:26:33.116 BaseTest:205 - load strings/strings.xml
[logs_null INFO ] 2021-10-11 18:26:44.726 BaseTest:228 - driver initialized: io.appium.java_client.android.AndroidDriver, Capabilities: {appActivity=.activity.SplashScreenActivity, appPackage=com.avercast.fanbuku_app, automationName=UiAutomator2, databaseEnabled=false, desired={platformName=android, appActivity=.activity.SplashScreenActivity, appPackage=com.avercast.fanbuku_app, automationName=UiAutomator2, deviceName=Redmi Note 10S, udid=WOBUKBZL4D6T9PSO}, deviceApiLevel=30, deviceManufacturer=Xiaomi, deviceModel=M2101K7BI, deviceName=WOBUKBZL4D6T9PSO, deviceScreenDensity=440, deviceScreenSize=1080x2400, deviceUDID=WOBUKBZL4D6T9PSO, javascriptEnabled=true, locationContextEnabled=false, networkConnectionEnabled=true, pixelRatio=2.75, platform=LINUX, platformName=Android, platformVersion=11, statBarHeight=93, takesScreenshot=true, udid=WOBUKBZL4D6T9PSO, viewportRect={left=0, top=93, width=1080, height=2170}, warnings={}, webStorageEnabled=false}
[logs_null INFO ] 2021-10-11 18:26:58.201 CreateBracketTests:51 - 
****** starting test:alreadyExistingBracket******

[logs_null INFO ] 2021-10-11 18:27:00.407 Log:10 - alreadyExistingBracket test is starting.
[logs_null INFO ] 2021-10-11 18:27:05.511 BaseTest:295 - Email is ankita.kanchan@pi-sy.com
[logs_null INFO ] 2021-10-11 18:27:07.414 BaseTest:295 - Password is Ankita@1234
[logs_null INFO ] 2021-10-11 18:27:08.611 BaseTest:274 - Clicking on Login Button
[logs_null INFO ] 2021-10-11 18:27:10.428 BaseTest:274 - Clicking on Skip Button
[logs_null INFO ] 2021-10-11 18:27:11.662 BaseTest:274 - Clicking on Bracket Home Button 
[logs_null INFO ] 2021-10-11 18:27:12.565 BaseTest:274 - Clicking on Next Button
[logs_null INFO ] 2021-10-11 18:27:14.895 BaseTest:274 - Clicking on Add Bracket Button 
[logs_null INFO ] 2021-10-11 18:27:16.174 BaseTest:302 - Clicking on Tounament List
[logs_null INFO ] 2021-10-11 18:27:19.708 BaseTest:295 - Bracket Name is TestABracket
[logs_null INFO ] 2021-10-11 18:27:20.522 BaseTest:274 - Clicking on Create Bracket Button 
[logs_null INFO ] 2021-10-11 18:27:24.233 Log:10 - alreadyExistingBracket test is failed.
[logs_null INFO ] 2021-10-11 18:27:29.568 BaseTest:122 - video path: videos\null_null\2021-10-11-18-26-33\CreateBracketTests\alreadyExistingBracket.mp4
[logs_null INFO ] 2021-10-11 18:27:30.648 CreateBracketTests:51 - 
****** starting test:blankData******

[logs_null INFO ] 2021-10-11 18:27:32.413 Log:10 - blankData test is starting.
[logs_null INFO ] 2021-10-11 18:27:37.499 BaseTest:295 - Email is ankita.kanchan@pi-sy.com
[logs_null INFO ] 2021-10-11 18:27:39.377 BaseTest:295 - Password is Ankita@1234
[logs_null INFO ] 2021-10-11 18:27:40.537 BaseTest:274 - Clicking on Login Button
[logs_null INFO ] 2021-10-11 18:27:42.020 BaseTest:274 - Clicking on Skip Button
[logs_null INFO ] 2021-10-11 18:27:43.309 BaseTest:274 - Clicking on Bracket Home Button 
[logs_null INFO ] 2021-10-11 18:27:44.202 BaseTest:274 - Clicking on Next Button
[logs_null INFO ] 2021-10-11 18:27:46.560 BaseTest:274 - Clicking on Add Bracket Button 
[logs_null INFO ] 2021-10-11 18:27:47.789 BaseTest:302 - Clicking on Tounament List
[logs_null INFO ] 2021-10-11 18:27:48.818 Log:10 - blankData test is succeed.
[logs_null INFO ] 2021-10-11 18:27:53.580 BaseTest:122 - video path: videos\null_null\2021-10-11-18-26-33\CreateBracketTests\blankData.mp4
[logs_null INFO ] 2021-10-11 18:27:54.556 CreateBracketTests:51 - 
****** starting test:invalidData******

[logs_null INFO ] 2021-10-11 18:32:34.345 BaseTest:193 - log path: logs\_null
[logs_null INFO ] 2021-10-11 18:32:34.357 BaseTest:200 - load config.properties
[logs_null INFO ] 2021-10-11 18:32:34.359 BaseTest:205 - load strings/strings.xml
[logs_null INFO ] 2021-10-11 18:32:50.480 BaseTest:228 - driver initialized: io.appium.java_client.android.AndroidDriver, Capabilities: {appActivity=.activity.SplashScreenActivity, appPackage=com.avercast.fanbuku_app, automationName=UiAutomator2, databaseEnabled=false, desired={platformName=android, appActivity=.activity.SplashScreenActivity, appPackage=com.avercast.fanbuku_app, automationName=UiAutomator2, deviceName=Redmi Note 10S, udid=WOBUKBZL4D6T9PSO}, deviceApiLevel=30, deviceManufacturer=Xiaomi, deviceModel=M2101K7BI, deviceName=WOBUKBZL4D6T9PSO, deviceScreenDensity=440, deviceScreenSize=1080x2400, deviceUDID=WOBUKBZL4D6T9PSO, javascriptEnabled=true, locationContextEnabled=false, networkConnectionEnabled=true, pixelRatio=2.75, platform=LINUX, platformName=Android, platformVersion=11, statBarHeight=93, takesScreenshot=true, udid=WOBUKBZL4D6T9PSO, viewportRect={left=0, top=93, width=1080, height=2170}, warnings={}, webStorageEnabled=false}
[logs_null INFO ] 2021-10-11 18:32:52.850 CreateBracketTests:51 - 
****** starting test:alreadyExistingBracket******

[logs_null INFO ] 2021-10-11 18:32:54.845 Log:10 - alreadyExistingBracket test is starting.
[logs_null INFO ] 2021-10-11 18:33:00.014 BaseTest:295 - Email is ankita.kanchan@pi-sy.com
[logs_null INFO ] 2021-10-11 18:33:01.996 BaseTest:295 - Password is Ankita@1234
[logs_null INFO ] 2021-10-11 18:33:03.144 BaseTest:274 - Clicking on Login Button
[logs_null INFO ] 2021-10-11 18:33:04.730 BaseTest:274 - Clicking on Skip Button
[logs_null INFO ] 2021-10-11 18:33:05.958 BaseTest:274 - Clicking on Bracket Home Button 
[logs_null INFO ] 2021-10-11 18:33:06.864 BaseTest:274 - Clicking on Next Button
[logs_null INFO ] 2021-10-11 18:33:09.149 BaseTest:274 - Clicking on Add Bracket Button 
[logs_null INFO ] 2021-10-11 18:33:10.643 BaseTest:302 - Clicking on Tounament List
[logs_null INFO ] 2021-10-11 18:33:14.193 BaseTest:295 - Bracket Name is TestABracket
[logs_null INFO ] 2021-10-11 18:33:15.005 BaseTest:274 - Clicking on Create Bracket Button 
[logs_null INFO ] 2021-10-11 18:33:17.991 Log:10 - alreadyExistingBracket test is failed.
[logs_null INFO ] 2021-10-11 18:33:23.313 BaseTest:122 - video path: videos\null_null\2021-10-11-18-32-34\CreateBracketTests\alreadyExistingBracket.mp4
[logs_null INFO ] 2021-10-11 18:33:24.472 CreateBracketTests:51 - 
****** starting test:blankData******

[logs_null INFO ] 2021-10-11 18:33:25.952 Log:10 - blankData test is starting.
[logs_null INFO ] 2021-10-11 18:33:31.076 BaseTest:295 - Email is ankita.kanchan@pi-sy.com
[logs_null INFO ] 2021-10-11 18:33:32.842 BaseTest:295 - Password is Ankita@1234
[logs_null INFO ] 2021-10-11 18:33:33.989 BaseTest:274 - Clicking on Login Button
[logs_null INFO ] 2021-10-11 18:33:35.417 BaseTest:274 - Clicking on Skip Button
[logs_null INFO ] 2021-10-11 18:33:36.664 BaseTest:274 - Clicking on Bracket Home Button 
[logs_null INFO ] 2021-10-11 18:33:41.931 BaseTest:274 - Clicking on Next Button
[logs_null INFO ] 2021-10-11 18:33:44.305 BaseTest:274 - Clicking on Add Bracket Button 
[logs_null INFO ] 2021-10-11 18:33:45.561 BaseTest:302 - Clicking on Tounament List
[logs_null INFO ] 2021-10-11 18:33:49.035 BaseTest:295 - Bracket Name is 
[logs_null INFO ] 2021-10-11 18:33:49.796 BaseTest:274 - Clicking on Create Bracket Button 
[logs_null INFO ] 2021-10-11 18:33:52.207 Log:10 - blankData test is succeed.
[logs_null INFO ] 2021-10-11 18:33:58.347 BaseTest:122 - video path: videos\null_null\2021-10-11-18-32-34\CreateBracketTests\blankData.mp4
[logs_null INFO ] 2021-10-11 18:33:59.680 CreateBracketTests:51 - 
****** starting test:invalidData******

[logs_null INFO ] 2021-10-11 18:34:01.389 Log:10 - invalidData test is starting.
[logs_null INFO ] 2021-10-11 18:34:06.514 BaseTest:295 - Email is ankita.kanchan@pi-sy.com
[logs_null INFO ] 2021-10-11 18:34:08.344 BaseTest:295 - Password is Ankita@1234
[logs_null INFO ] 2021-10-11 18:34:09.488 BaseTest:274 - Clicking on Login Button
[logs_null INFO ] 2021-10-11 18:34:10.946 BaseTest:274 - Clicking on Skip Button
[logs_null INFO ] 2021-10-11 18:34:12.197 BaseTest:274 - Clicking on Bracket Home Button 
[logs_null INFO ] 2021-10-11 18:34:13.061 BaseTest:274 - Clicking on Next Button
[logs_null INFO ] 2021-10-11 18:34:15.337 BaseTest:274 - Clicking on Add Bracket Button 
[logs_null INFO ] 2021-10-11 18:34:16.583 BaseTest:302 - Clicking on Tounament List
[logs_null INFO ] 2021-10-11 18:34:20.008 BaseTest:295 - Bracket Name is #$%dsfG%^&
[logs_null INFO ] 2021-10-11 18:34:20.791 BaseTest:274 - Clicking on Create Bracket Button 
[logs_null INFO ] 2021-10-11 18:34:23.713 Log:10 - invalidData test is failed.
[logs_null INFO ] 2021-10-11 18:34:29.939 BaseTest:122 - video path: videos\null_null\2021-10-11-18-32-34\CreateBracketTests\invalidData.mp4
[logs_null INFO ] 2021-10-11 18:34:34.362 CreateBracketTests:51 - 
****** starting test:validData******

[logs_null INFO ] 2021-10-11 18:34:35.882 Log:10 - validData test is starting.
[logs_null INFO ] 2021-10-11 18:34:40.953 BaseTest:295 - Email is ankita.kanchan@pi-sy.com
[logs_null INFO ] 2021-10-11 18:34:42.877 BaseTest:295 - Password is Ankita@1234
[logs_null INFO ] 2021-10-11 18:34:44.027 BaseTest:274 - Clicking on Login Button
[logs_null INFO ] 2021-10-11 18:34:45.563 BaseTest:274 - Clicking on Skip Button
[logs_null INFO ] 2021-10-11 18:34:46.785 BaseTest:274 - Clicking on Bracket Home Button 
[logs_null INFO ] 2021-10-11 18:34:47.692 BaseTest:274 - Clicking on Next Button
[logs_null INFO ] 2021-10-11 18:34:49.969 BaseTest:274 - Clicking on Add Bracket Button 
[logs_null INFO ] 2021-10-11 18:34:51.237 BaseTest:302 - Clicking on Tounament List
[logs_null INFO ] 2021-10-11 18:34:54.705 BaseTest:295 - Bracket Name is AnkitaBracket2
[logs_null INFO ] 2021-10-11 18:34:55.350 BaseTest:274 - Clicking on Create Bracket Button 
[logs_null INFO ] 2021-10-11 18:34:57.815 Log:10 - validData test is succeed.
[logs_null INFO ] 2021-10-11 18:35:03.912 BaseTest:122 - video path: videos\null_null\2021-10-11-18-32-34\CreateBracketTests\validData.mp4
[logs_null INFO ] 2021-10-11 18:35:05.396 Log:10 - I am in onFinish method LoginTests
[logs_null INFO ] 2021-10-11 18:35:06.119 BaseTest:151 - Appium server stopped
